  Generator.cpp
D:\Моё\MyExperements\Curves\Generator\Generator.cpp(51,14): warning C4244: 'initializing': conversion from 'int' to 'float', possible loss of data
D:\Моё\MyExperements\Curves\Generator\Generator.cpp(52,14): warning C4244: 'initializing': conversion from 'int' to 'float', possible loss of data
D:\Моё\MyExperements\Curves\Generator\Generator.cpp(74,14): warning C4244: 'initializing': conversion from 'int' to 'float', possible loss of data
D:\Моё\MyExperements\Curves\Generator\Generator.cpp(75,14): warning C4244: 'initializing': conversion from 'int' to 'float', possible loss of data
D:\Моё\MyExperements\Curves\Generator\Generator.cpp(101,14): warning C4244: 'initializing': conversion from 'int' to 'float', possible loss of data
D:\Моё\MyExperements\Curves\Generator\Generator.cpp(102,14): warning C4244: 'initializing': conversion from 'int' to 'float', possible loss of data
D:\Моё\MyExperements\Curves\Generator\Generator.cpp(103,14): warning C4244: 'initializing': conversion from 'int' to 'float', possible loss of data
D:\Моё\MyExperements\Curves\Generator\Generator.cpp(187,15): warning C4244: 'initializing': conversion from 'int' to 'float', possible loss of data
D:\Моё\MyExperements\Curves\Generator\Generator.cpp(189,17): warning C4244: 'initializing': conversion from 'int' to 'float', possible loss of data
D:\Моё\MyExperements\Curves\Generator\Generator.cpp(213,17): warning C4244: 'initializing': conversion from 'int' to 'float', possible loss of data
D:\Моё\MyExperements\Curves\Generator\Generator.cpp(233,15): warning C4244: 'initializing': conversion from 'int' to 'float', possible loss of data
D:\Моё\MyExperements\Curves\Generator\Generator.cpp(234,17): warning C4244: 'initializing': conversion from 'int' to 'float', possible loss of data
D:\Моё\MyExperements\Curves\Generator\Generator.cpp(253,13): warning C4305: '+=': truncation from 'double' to 'float'
C:\Program Files (x86)\Microsoft Visual Studio\2019\Community\VC\Tools\MSVC\14.29.30133\include\xutility(158,77): warning C4244: 'argument': conversion from 'float' to 'int', possible loss of data
C:\Program Files (x86)\Microsoft Visual Studio\2019\Community\VC\Tools\MSVC\14.29.30133\include\memory(2029): message : see reference to function template instantiation 'void std::_Construct_in_place<_Ty,std::shared_ptr<CPoint3D>&,int&,float&,int&,std::shared_ptr<CColor3D>&>(_Ty &,std::shared_ptr<CPoint3D> &,int &,float &,int &,std::shared_ptr<CColor3D> &) noexcept(false)' being compiled
          with
          [
              _Ty=CHelix
          ]
C:\Program Files (x86)\Microsoft Visual Studio\2019\Community\VC\Tools\MSVC\14.29.30133\include\memory(2748): message : see reference to function template instantiation 'std::_Ref_count_obj2<_Ty>::_Ref_count_obj2<std::shared_ptr<CPoint3D>&,int&,float&,int&,std::shared_ptr<CColor3D>&>(std::shared_ptr<CPoint3D> &,int &,float &,int &,std::shared_ptr<CColor3D> &)' being compiled
          with
          [
              _Ty=CHelix
          ]
C:\Program Files (x86)\Microsoft Visual Studio\2019\Community\VC\Tools\MSVC\14.29.30133\include\memory(2748): message : see reference to function template instantiation 'std::_Ref_count_obj2<_Ty>::_Ref_count_obj2<std::shared_ptr<CPoint3D>&,int&,float&,int&,std::shared_ptr<CColor3D>&>(std::shared_ptr<CPoint3D> &,int &,float &,int &,std::shared_ptr<CColor3D> &)' being compiled
          with
          [
              _Ty=CHelix
          ]
D:\Моё\MyExperements\Curves\Generator\Generator.cpp(117): message : see reference to function template instantiation 'std::shared_ptr<CHelix> std::make_shared<CHelix,std::shared_ptr<CPoint3D>&,int&,float&,int&,std::shared_ptr<CColor3D>&>(std::shared_ptr<CPoint3D> &,int &,float &,int &,std::shared_ptr<CColor3D> &)' being compiled
  Curves.vcxproj -> D:\Моё\MyExperements\Curves\x64\Debug\Curves.exe
